<?xml version="1.0" encoding="UTF-8"?>
<testng-results ignored="0" total="8" passed="8" failed="0" skipped="0">
  <reporter-output>
  </reporter-output>
  <suite started-at="2021-08-23T15:47:06 IST" name="Default suite" finished-at="2021-08-23T15:47:18 IST" duration-ms="11576">
    <groups>
    </groups>
    <test started-at="2021-08-23T15:47:06 IST" name="Default test" finished-at="2021-08-23T15:47:18 IST" duration-ms="11576">
      <class name="com.Scripts.SimpleFormTest">
        <test-method is-config="true" signature="initializeWebEnvironmentAndSetup()[pri:0, instance:com.Scripts.SimpleFormTest@647e447]" started-at="2021-08-23T15:47:06 IST" name="initializeWebEnvironmentAndSetup" finished-at="2021-08-23T15:47:14 IST" duration-ms="7684" status="PASS">
          <reporter-output>
          </reporter-output>
        </test-method> <!-- initializeWebEnvironmentAndSetup -->
        <test-method signature="TC_ID_100_VerifySimpleFormDemoPageIsDisplayed()[pri:1, instance:com.Scripts.SimpleFormTest@647e447]" started-at="2021-08-23T15:47:14 IST" name="TC_ID_100_VerifySimpleFormDemoPageIsDisplayed" description="Checking simple form demo page" finished-at="2021-08-23T15:47:15 IST" duration-ms="1185" status="PASS">
          <reporter-output>
          </reporter-output>
        </test-method> <!-- TC_ID_100_VerifySimpleFormDemoPageIsDisplayed -->
        <test-method signature="TC_ID_101_VerifySingleInputFieldSectionMsgIsDisplayed()[pri:2, instance:com.Scripts.SimpleFormTest@647e447]" started-at="2021-08-23T15:47:15 IST" name="TC_ID_101_VerifySingleInputFieldSectionMsgIsDisplayed" description="Checking single input message" finished-at="2021-08-23T15:47:16 IST" duration-ms="579" status="PASS">
          <reporter-output>
          </reporter-output>
        </test-method> <!-- TC_ID_101_VerifySingleInputFieldSectionMsgIsDisplayed -->
        <test-method signature="TC_ID_102_verifyBootstrapAlertPageIsDisplayed()[pri:3, instance:com.Scripts.SimpleFormTest@647e447]" started-at="2021-08-23T15:47:16 IST" name="TC_ID_102_verifyBootstrapAlertPageIsDisplayed" description="Checking Bootstrap Alerts Page Header" finished-at="2021-08-23T15:47:16 IST" duration-ms="635" status="PASS">
          <reporter-output>
          </reporter-output>
        </test-method> <!-- TC_ID_102_verifyBootstrapAlertPageIsDisplayed -->
        <test-method signature="TC_ID_103_VerifyAutocloseableSuccessMsgIsDisplayed()[pri:4, instance:com.Scripts.SimpleFormTest@647e447]" started-at="2021-08-23T15:47:16 IST" name="TC_ID_103_VerifyAutocloseableSuccessMsgIsDisplayed" finished-at="2021-08-23T15:47:17 IST" duration-ms="259" status="PASS">
          <reporter-output>
          </reporter-output>
        </test-method> <!-- TC_ID_103_VerifyAutocloseableSuccessMsgIsDisplayed -->
        <test-method signature="TC_ID_104_VerifyNormalSuccessMsgIsDisplayed()[pri:5, instance:com.Scripts.SimpleFormTest@647e447]" started-at="2021-08-23T15:47:17 IST" name="TC_ID_104_VerifyNormalSuccessMsgIsDisplayed" finished-at="2021-08-23T15:47:17 IST" duration-ms="162" status="PASS">
          <reporter-output>
          </reporter-output>
        </test-method> <!-- TC_ID_104_VerifyNormalSuccessMsgIsDisplayed -->
        <test-method signature="TC_ID_105_verifyAutocloseableWarningMessageIsDisplayed()[pri:6, instance:com.Scripts.SimpleFormTest@647e447]" started-at="2021-08-23T15:47:17 IST" name="TC_ID_105_verifyAutocloseableWarningMessageIsDisplayed" finished-at="2021-08-23T15:47:17 IST" duration-ms="144" status="PASS">
          <reporter-output>
          </reporter-output>
        </test-method> <!-- TC_ID_105_verifyAutocloseableWarningMessageIsDisplayed -->
        <test-method signature="TC_ID_106_verifyCheckBoxDemoPageIsDisplayed()[pri:7, instance:com.Scripts.SimpleFormTest@647e447]" started-at="2021-08-23T15:47:17 IST" name="TC_ID_106_verifyCheckBoxDemoPageIsDisplayed" finished-at="2021-08-23T15:47:18 IST" duration-ms="605" status="PASS">
          <reporter-output>
          </reporter-output>
        </test-method> <!-- TC_ID_106_verifyCheckBoxDemoPageIsDisplayed -->
        <test-method signature="TC_ID_108_VerifySingleCheckBoxIsSelected()[pri:8, instance:com.Scripts.SimpleFormTest@647e447]" started-at="2021-08-23T15:47:18 IST" name="TC_ID_108_VerifySingleCheckBoxIsSelected" finished-at="2021-08-23T15:47:18 IST" duration-ms="233" status="PASS">
          <reporter-output>
          </reporter-output>
        </test-method> <!-- TC_ID_108_VerifySingleCheckBoxIsSelected -->
        <test-method is-config="true" signature="tearDownWebEnvironment()[pri:0, instance:com.Scripts.SimpleFormTest@647e447]" started-at="2021-08-23T15:47:18 IST" name="tearDownWebEnvironment" finished-at="2021-08-23T15:47:18 IST" duration-ms="0" status="PASS">
          <reporter-output>
          </reporter-output>
        </test-method> <!-- tearDownWebEnvironment -->
      </class> <!-- com.Scripts.SimpleFormTest -->
    </test> <!-- Default test -->
  </suite> <!-- Default suite -->
</testng-results>
